<?xml version="1.0" encoding="UTF-8"?>
<!-- Generated by org.testng.reporters.JUnitXMLReporter -->
<testsuite ignored="0" hostname="FWS-CHE-LT-9168" failures="0" tests="15" name="Default test" time="0.447" errors="0" timestamp="2024-01-29T18:09:29 IST">
  <testcase classname="Testcases.Utilitieslocal" name="@BeforeClass setup" time="-1.706531968668E9">
    <failure type="org.testng.TestNGException" message="
Parameter &amp;apos;url&amp;apos; is required by BeforeClass on method setup but has not been marked @Optional or defined
in /private/var/folders/lc/4dv25g9d00d2g4c_cknjnshw0000gp/T/testng-eclipse--1792508774/testng-customsuite.xml">
      <![CDATA[org.testng.TestNGException: 
Parameter 'url' is required by BeforeClass on method setup but has not been marked @Optional or defined
in /private/var/folders/lc/4dv25g9d00d2g4c_cknjnshw0000gp/T/testng-eclipse--1792508774/testng-customsuite.xml
at org.testng.internal.Parameters.createParams(Parameters.java:267)
at org.testng.internal.Parameters.createParametersForMethod(Parameters.java:355)
at org.testng.internal.Parameters.createParameters(Parameters.java:684)
at org.testng.internal.Parameters.createConfigurationParameters(Parameters.java:166)
at org.testng.internal.invokers.ConfigInvoker.invokeConfigurations(ConfigInvoker.java:306)
at org.testng.internal.invokers.TestMethodWorker.invokeBeforeClassMethods(TestMethodWorker.java:180)
at org.testng.internal.invokers.TestMethodWorker.run(TestMethodWorker.java:122)
at java.base/java.util.ArrayList.forEach(ArrayList.java:1511)
at org.testng.TestRunner.privateRun(TestRunner.java:848)
at org.testng.TestRunner.run(TestRunner.java:621)
at org.testng.SuiteRunner.runTest(SuiteRunner.java:443)
at org.testng.SuiteRunner.runSequentially(SuiteRunner.java:437)
at org.testng.SuiteRunner.privateRun(SuiteRunner.java:397)
at org.testng.SuiteRunner.run(SuiteRunner.java:336)
at org.testng.SuiteRunnerWorker.runSuite(SuiteRunnerWorker.java:52)
at org.testng.SuiteRunnerWorker.run(SuiteRunnerWorker.java:95)
at org.testng.TestNG.runSuitesSequentially(TestNG.java:1280)
at org.testng.TestNG.runSuitesLocally(TestNG.java:1200)
at org.testng.TestNG.runSuites(TestNG.java:1114)
at org.testng.TestNG.run(TestNG.java:1082)
at org.testng.remote.AbstractRemoteTestNG.run(AbstractRemoteTestNG.java:115)
at org.testng.remote.RemoteTestNG.initAndRun(RemoteTestNG.java:251)
at org.testng.remote.RemoteTestNG.main(RemoteTestNG.java:77)
]]>
    </failure>
  </testcase> <!-- @BeforeClass setup -->
  <testcase classname="Testcases.TC_0003_RahushettyTC" name="init" time="0.0">
    <skipped/>
  </testcase> <!-- init -->
  <testcase classname="Testcases.TC_0003_RahushettyTC" name="clickradiobutton" time="0.0">
    <skipped/>
  </testcase> <!-- clickradiobutton -->
  <testcase classname="Testcases.TC_0003_RahushettyTC" name="alertpopuphandler" time="0.0">
    <skipped/>
  </testcase> <!-- alertpopuphandler -->
  <testcase classname="Testcases.TC_0003_RahushettyTC" name="displayalllinks" time="0.001">
    <skipped/>
  </testcase> <!-- displayalllinks -->
  <testcase classname="Testcases.TC_0003_RahushettyTC" name="windowhandler" time="0.0">
    <skipped/>
  </testcase> <!-- windowhandler -->
  <testcase classname="Testcases.TC_0003_RahushettyTC" name="dynamictablehandler" time="0.0">
    <skipped/>
  </testcase> <!-- dynamictablehandler -->
  <testcase classname="Testcases.TC_0003_RahushettyTC" name="brokenlinkvalidations" time="0.0">
    <skipped/>
  </testcase> <!-- brokenlinkvalidations -->
  <testcase classname="Testcases.TC_0003_RahushettyTC" name="selectdropdown" time="0.0">
    <skipped/>
  </testcase> <!-- selectdropdown -->
  <testcase classname="Testcases.TC_0003_RahushettyTC" name="suggestionbox" time="0.0">
    <skipped/>
  </testcase> <!-- suggestionbox -->
  <testcase classname="Testcases.TC_0003_RahushettyTC" name="checkboxclick" time="0.001">
    <skipped/>
  </testcase> <!-- checkboxclick -->
  <testcase classname="Testcases.TC_0003_RahushettyTC" name="newtabhandling" time="0.0">
    <skipped/>
  </testcase> <!-- newtabhandling -->
  <testcase classname="Testcases.TC_0003_RahushettyTC" name="alerthandler2" time="0.0">
    <skipped/>
  </testcase> <!-- alerthandler2 -->
  <testcase classname="Testcases.TC_0003_RahushettyTC" name="mousehoverhandling" time="0.0">
    <skipped/>
  </testcase> <!-- mousehoverhandling -->
  <testcase classname="Testcases.TC_0003_RahushettyTC" name="iframeaccess" time="0.0">
    <skipped/>
  </testcase> <!-- iframeaccess -->
  <testcase classname="Testcases.TC_0003_RahushettyTC" name="outsidelinkaccess" time="0.0">
    <skipped/>
  </testcase> <!-- outsidelinkaccess -->
</testsuite> <!-- Default test -->
