<?xml version="1.0" encoding="UTF-8"?>
<!-- Generated by org.testng.reporters.JUnitXMLReporter -->
<testsuite ignored="0" hostname="FWS-CHE-LT-9168" failures="0" tests="14" name="ToolsQA" time="24.729" errors="0" timestamp="2024-01-18T17:29:44 IST">
  <testcase classname="Testcases.Utilitieslocal" name="@BeforeClass setup" time="23.772">
    <failure type="org.openqa.selenium.NoSuchWindowException" message="no such window: target window already closed
from unknown error: web view not found
  (Session info: chrome=120.0.6099.199)
Build info: version: &amp;apos;4.14.0&amp;apos;, revision: &amp;apos;e5a96349ce&amp;apos;
System info: os.name: &amp;apos;Mac OS X&amp;apos;, os.arch: &amp;apos;x86_64&amp;apos;, os.version: &amp;apos;13.6&amp;apos;, java.version: &amp;apos;17.0.9&amp;apos;
Driver info: org.openqa.selenium.chrome.ChromeDriver
Command: [1e0c29aee132ada8765f0e28f929c86a, getTitle {}]
Capabilities {acceptInsecureCerts: false, browserName: chrome, browserVersion: 120.0.6099.199, chrome: {chromedriverVersion: 120.0.6099.109 (3419140ab66..., userDataDir: /var/folders/lc/4dv25g9d00d...}, fedcm:accounts: true, goog:chromeOptions: {debuggerAddress: localhost:58432}, networkConnectionEnabled: false, pageLoadStrategy: normal, platformName: mac, proxy: Proxy(), se:cdp: ws://localhost:58432/devtoo..., se:cdpVersion: 120.0.6099.199, setWindowRect: true, strictFileInteractability: false, timeouts: {implicit: 0, pageLoad: 300000, script: 30000}, unhandledPromptBehavior: dismiss and notify, webauthn:extension:credBlob: true, webauthn:extension:largeBlob: true, webauthn:extension:minPinLength: true, webauthn:extension:prf: true, webauthn:virtualAuthenticators: true}
Session ID: 1e0c29aee132ada8765f0e28f929c86a">
      <![CDATA[org.openqa.selenium.NoSuchWindowException: no such window: target window already closed
from unknown error: web view not found
  (Session info: chrome=120.0.6099.199)
Build info: version: '4.14.0', revision: 'e5a96349ce'
System info: os.name: 'Mac OS X', os.arch: 'x86_64', os.version: '13.6', java.version: '17.0.9'
Driver info: org.openqa.selenium.chrome.ChromeDriver
Command: [1e0c29aee132ada8765f0e28f929c86a, getTitle {}]
Capabilities {acceptInsecureCerts: false, browserName: chrome, browserVersion: 120.0.6099.199, chrome: {chromedriverVersion: 120.0.6099.109 (3419140ab66..., userDataDir: /var/folders/lc/4dv25g9d00d...}, fedcm:accounts: true, goog:chromeOptions: {debuggerAddress: localhost:58432}, networkConnectionEnabled: false, pageLoadStrategy: normal, platformName: mac, proxy: Proxy(), se:cdp: ws://localhost:58432/devtoo..., se:cdpVersion: 120.0.6099.199, setWindowRect: true, strictFileInteractability: false, timeouts: {implicit: 0, pageLoad: 300000, script: 30000}, unhandledPromptBehavior: dismiss and notify, webauthn:extension:credBlob: true, webauthn:extension:largeBlob: true, webauthn:extension:minPinLength: true, webauthn:extension:prf: true, webauthn:virtualAuthenticators: true}
Session ID: 1e0c29aee132ada8765f0e28f929c86a
at org.openqa.selenium.remote.codec.w3c.W3CHttpResponseCodec.createException(W3CHttpResponseCodec.java:200)
at org.openqa.selenium.remote.codec.w3c.W3CHttpResponseCodec.decode(W3CHttpResponseCodec.java:133)
at org.openqa.selenium.remote.codec.w3c.W3CHttpResponseCodec.decode(W3CHttpResponseCodec.java:52)
at org.openqa.selenium.remote.HttpCommandExecutor.execute(HttpCommandExecutor.java:191)
at org.openqa.selenium.remote.service.DriverCommandExecutor.invokeExecute(DriverCommandExecutor.java:196)
at org.openqa.selenium.remote.service.DriverCommandExecutor.execute(DriverCommandExecutor.java:171)
at org.openqa.selenium.remote.RemoteWebDriver.execute(RemoteWebDriver.java:602)
at org.openqa.selenium.remote.RemoteWebDriver.execute(RemoteWebDriver.java:675)
at org.openqa.selenium.remote.RemoteWebDriver.execute(RemoteWebDriver.java:679)
at org.openqa.selenium.remote.RemoteWebDriver.getTitle(RemoteWebDriver.java:309)
at Testcases.Utilitieslocal.setup(Utilitieslocal.java:81)
at java.base/java.util.ArrayList.forEach(ArrayList.java:1511)
... Removed 30 stack frames]]>
    </failure>
  </testcase> <!-- @BeforeClass setup -->
  <testcase classname="Testcases.TC_0002_ToolsQA" name="@AfterClass teardown" time="0.0">
    <skipped/>
  </testcase> <!-- @AfterClass teardown -->
  <testcase classname="Testcases.TC_0002_ToolsQA" name="init" time="0.0">
    <skipped/>
  </testcase> <!-- init -->
  <testcase classname="Testcases.TC_0002_ToolsQA" name="Enterdetails" time="0.0">
    <skipped/>
  </testcase> <!-- Enterdetails -->
  <testcase classname="Testcases.TC_0002_ToolsQA" name="draganddrop" time="0.0">
    <skipped/>
  </testcase> <!-- draganddrop -->
  <testcase classname="Testcases.TC_0002_ToolsQA" name="mouseactions" time="0.0">
    <skipped/>
  </testcase> <!-- mouseactions -->
  <testcase classname="Testcases.TC_0002_ToolsQA" name="displaylinks" time="0.0">
    <skipped/>
  </testcase> <!-- displaylinks -->
  <testcase classname="Testcases.TC_0002_ToolsQA" name="handlingbrokenlinks" time="0.0">
    <skipped/>
  </testcase> <!-- handlingbrokenlinks -->
  <testcase classname="Testcases.TC_0002_ToolsQA" name="handlingbrokenimage" time="0.0">
    <skipped/>
  </testcase> <!-- handlingbrokenimage -->
  <testcase classname="Testcases.TC_0002_ToolsQA" name="textboxactions" time="0.0">
    <skipped/>
  </testcase> <!-- textboxactions -->
  <testcase classname="Testcases.TC_0002_ToolsQA" name="checkboxaction" time="0.0">
    <skipped/>
  </testcase> <!-- checkboxaction -->
  <testcase classname="Testcases.TC_0002_ToolsQA" name="radiobuttonactions" time="0.0">
    <skipped/>
  </testcase> <!-- radiobuttonactions -->
  <testcase classname="Testcases.TC_0002_ToolsQA" name="webtablehandling" time="0.0">
    <skipped/>
  </testcase> <!-- webtablehandling -->
  <testcase classname="Testcases.TC_0002_ToolsQA" name="windowhandler" time="0.0">
    <skipped/>
  </testcase> <!-- windowhandler -->
  <testcase classname="Testcases.TC_0002_ToolsQA" name="calenderactions" time="0.0">
    <skipped/>
  </testcase> <!-- calenderactions -->
  <testcase classname="Testcases.TC_0002_ToolsQA" name="exceptioncheck" time="0.0">
    <skipped/>
  </testcase> <!-- exceptioncheck -->
</testsuite> <!-- ToolsQA -->
